<?xml version="1.0" encoding="UTF-8"?>
<!-- Generated by org.testng.reporters.JUnitXMLReporter -->
<testsuite ignored="12" hostname="Jithendra" failures="0" tests="4" name="Basic Smoke Testing" time="40.129" errors="0" timestamp="2024-07-15T10:58:03 IST">
  <testcase classname="test.LoginTest" name="testValidLogin" time="7.431"/>
  <testcase classname="test.UploadResumeTest" name="uploadResume" time="13.888"/>
  <testcase classname="test.CreateCandidateTest" name="createCandidate" time="9.596"/>
  <testcase classname="test.DuplicateCandidateValidationTest" name="duplicateCandidateValidation" time="1.269"/>
  <testcase classname="generic.BaseTest" name="@BeforeSuite initializeExtentReport" time="0.0">
    <ignored/>
  </testcase> <!-- @BeforeSuite initializeExtentReport -->
  <testcase classname="generic.BaseTest" name="@BeforeSuite initializeExtentReport" time="0.0">
    <ignored/>
  </testcase> <!-- @BeforeSuite initializeExtentReport -->
  <testcase classname="generic.BaseTest" name="@BeforeSuite initializeExtentReport" time="0.0">
    <ignored/>
  </testcase> <!-- @BeforeSuite initializeExtentReport -->
  <testcase classname="generic.BaseTest" name="@AfterTest closeBrowser" time="0.0">
    <ignored/>
  </testcase> <!-- @AfterTest closeBrowser -->
  <testcase classname="generic.BaseTest" name="@AfterTest closeBrowser" time="0.0">
    <ignored/>
  </testcase> <!-- @AfterTest closeBrowser -->
  <testcase classname="generic.BaseTest" name="@AfterTest closeBrowser" time="0.0">
    <ignored/>
  </testcase> <!-- @AfterTest closeBrowser -->
  <testcase classname="generic.BaseTest" name="@AfterSuite generateExtentReport" time="0.0">
    <ignored/>
  </testcase> <!-- @AfterSuite generateExtentReport -->
  <testcase classname="generic.BaseTest" name="@AfterSuite generateExtentReport" time="0.0">
    <ignored/>
  </testcase> <!-- @AfterSuite generateExtentReport -->
  <testcase classname="generic.BaseTest" name="@AfterSuite generateExtentReport" time="0.0">
    <ignored/>
  </testcase> <!-- @AfterSuite generateExtentReport -->
  <testcase classname="generic.BaseTest" name="@BeforeTest launchApplication" time="0.0">
    <ignored/>
  </testcase> <!-- @BeforeTest launchApplication -->
  <testcase classname="generic.BaseTest" name="@BeforeTest launchApplication" time="0.0">
    <ignored/>
  </testcase> <!-- @BeforeTest launchApplication -->
  <testcase classname="generic.BaseTest" name="@BeforeTest launchApplication" time="0.0">
    <ignored/>
  </testcase> <!-- @BeforeTest launchApplication -->
</testsuite> <!-- Basic Smoke Testing -->
