<?xml version="1.0" encoding="UTF-8"?>
<!-- Generated by org.testng.reporters.JUnitXMLReporter -->
<testsuite ignored="4" hostname="Jithendra" failures="0" tests="3" name="Test" time="14.696" errors="0" timestamp="2024-02-02T09:20:15 IST">
  <testcase classname="test.ValidLoginTest" name="testValidLogin" time="5.528"/>
  <testcase classname="test.AddProjectTest" name="testAddProject" time="4.632"/>
  <testcase classname="test.FileUploadTest" name="fileuploadTest" time="1.106"/>
  <testcase classname="generic.BaseTest" name="@BeforeTest launchApplication" time="0.0">
    <ignored/>
  </testcase> <!-- @BeforeTest launchApplication -->
  <testcase classname="generic.BaseTest" name="@AfterSuite closeBrowser" time="0.0">
    <ignored/>
  </testcase> <!-- @AfterSuite closeBrowser -->
  <testcase classname="generic.BaseTest" name="@BeforeTest launchApplication" time="0.0">
    <ignored/>
  </testcase> <!-- @BeforeTest launchApplication -->
  <testcase classname="generic.BaseTest" name="@AfterSuite closeBrowser" time="0.0">
    <ignored/>
  </testcase> <!-- @AfterSuite closeBrowser -->
</testsuite> <!-- Test -->
