<?xml version="1.0" encoding="UTF-8"?>
<testng-results ignored="12" total="16" passed="4" failed="0" skipped="0">
  <reporter-output>
    <line>
      <![CDATA[App URL : https://recruiterflow.com/]]>
    </line>
    <line>
      <![CDATA[Implicit TimeOut : 10]]>
    </line>
    <line>
      <![CDATA[Explicit TimeOut : 20]]>
    </line>
    <line>
      <![CDATA[Login is pass]]>
    </line>
    <line>
      <![CDATA[TestCase Name : testValidLogin]]>
    </line>
    <line>
      <![CDATA[TesCase Status[ 1-SUCCESS , 2-FAILURE , 3-SKIP ] : 1]]>
    </line>
    <line>
      <![CDATA[testValidLogin TestCase is passed , Screenshot is NOT taken]]>
    </line>
    <line>
      <![CDATA[TestCase Name : uploadResume]]>
    </line>
    <line>
      <![CDATA[TesCase Status[ 1-SUCCESS , 2-FAILURE , 3-SKIP ] : 1]]>
    </line>
    <line>
      <![CDATA[uploadResume TestCase is passed , Screenshot is NOT taken]]>
    </line>
    <line>
      <![CDATA[TestCase Name : createCandidate]]>
    </line>
    <line>
      <![CDATA[TesCase Status[ 1-SUCCESS , 2-FAILURE , 3-SKIP ] : 1]]>
    </line>
    <line>
      <![CDATA[createCandidate TestCase is passed , Screenshot is NOT taken]]>
    </line>
    <line>
      <![CDATA[TestCase Name : duplicateCandidateValidation]]>
    </line>
    <line>
      <![CDATA[TesCase Status[ 1-SUCCESS , 2-FAILURE , 3-SKIP ] : 1]]>
    </line>
    <line>
      <![CDATA[duplicateCandidateValidation TestCase is passed , Screenshot is NOT taken]]>
    </line>
  </reporter-output>
  <suite started-at="2024-07-15T10:57:23 IST" name="Suite" finished-at="2024-07-15T10:58:03 IST" duration-ms="40129">
    <groups>
    </groups>
    <test started-at="2024-07-15T10:57:23 IST" name="Basic Smoke Testing" finished-at="2024-07-15T10:58:03 IST" duration-ms="40129">
      <class name="test.CreateCandidateTest">
        <test-method signature="createCandidate()[pri:0, instance:test.CreateCandidateTest@47d9a273]" started-at="2024-07-15T10:57:49 IST" name="createCandidate" finished-at="2024-07-15T10:57:59 IST" duration-ms="9596" status="PASS">
          <reporter-output>
          </reporter-output>
        </test-method> <!-- createCandidate -->
        <test-method is-config="true" signature="takeScreenshot(org.testng.ITestResult)[pri:0, instance:test.CreateCandidateTest@47d9a273]" started-at="2024-07-15T10:57:59 IST" name="takeScreenshot" finished-at="2024-07-15T10:57:59 IST" duration-ms="1" status="PASS">
          <params>
            <param index="0">
              <value>
                <![CDATA[[TestResult name=createCandidate status=SUCCESS method=CreateCandidateTest.createCandidate()[pri:0, instance:test.CreateCandidateTest@47d9a273] output={null}]]]>
              </value>
            </param>
          </params>
          <reporter-output>
            <line>
              <![CDATA[TestCase Name : createCandidate]]>
            </line>
            <line>
              <![CDATA[TesCase Status[ 1-SUCCESS , 2-FAILURE , 3-SKIP ] : 1]]>
            </line>
            <line>
              <![CDATA[createCandidate TestCase is passed , Screenshot is NOT taken]]>
            </line>
          </reporter-output>
        </test-method> <!-- takeScreenshot -->
      </class> <!-- test.CreateCandidateTest -->
      <class name="test.DuplicateCandidateValidationTest">
        <test-method signature="duplicateCandidateValidation()[pri:0, instance:test.DuplicateCandidateValidationTest@4b8ee4de]" started-at="2024-07-15T10:57:59 IST" name="duplicateCandidateValidation" finished-at="2024-07-15T10:58:00 IST" duration-ms="1269" status="PASS">
          <reporter-output>
          </reporter-output>
        </test-method> <!-- duplicateCandidateValidation -->
        <test-method is-config="true" signature="takeScreenshot(org.testng.ITestResult)[pri:0, instance:test.DuplicateCandidateValidationTest@4b8ee4de]" started-at="2024-07-15T10:58:00 IST" name="takeScreenshot" finished-at="2024-07-15T10:58:00 IST" duration-ms="1" status="PASS">
          <params>
            <param index="0">
              <value>
                <![CDATA[[TestResult name=duplicateCandidateValidation status=SUCCESS method=DuplicateCandidateValidationTest.duplicateCandidateValidation()[pri:0, instance:test.DuplicateCandidateValidationTest@4b8ee4de] output={null}]]]>
              </value>
            </param>
          </params>
          <reporter-output>
            <line>
              <![CDATA[TestCase Name : duplicateCandidateValidation]]>
            </line>
            <line>
              <![CDATA[TesCase Status[ 1-SUCCESS , 2-FAILURE , 3-SKIP ] : 1]]>
            </line>
            <line>
              <![CDATA[duplicateCandidateValidation TestCase is passed , Screenshot is NOT taken]]>
            </line>
          </reporter-output>
        </test-method> <!-- takeScreenshot -->
      </class> <!-- test.DuplicateCandidateValidationTest -->
      <class name="test.LoginTest">
        <test-method is-config="true" signature="initializeExtentReport()[pri:0, instance:test.LoginTest@27462a88]" started-at="2024-07-15T10:57:22 IST" name="initializeExtentReport" finished-at="2024-07-15T10:57:23 IST" duration-ms="492" status="PASS">
          <reporter-output>
          </reporter-output>
        </test-method> <!-- initializeExtentReport -->
        <test-method is-config="true" signature="launchApplication(java.lang.String,java.lang.String)[pri:0, instance:test.LoginTest@27462a88]" started-at="2024-07-15T10:57:23 IST" name="launchApplication" finished-at="2024-07-15T10:57:28 IST" duration-ms="5224" status="PASS">
          <params>
            <param index="0">
              <value>
                <![CDATA[Chrome]]>
              </value>
            </param>
            <param index="1">
              <value>
                <![CDATA[qa_env.properties]]>
              </value>
            </param>
          </params>
          <reporter-output>
            <line>
              <![CDATA[App URL : https://recruiterflow.com/]]>
            </line>
            <line>
              <![CDATA[Implicit TimeOut : 10]]>
            </line>
            <line>
              <![CDATA[Explicit TimeOut : 20]]>
            </line>
          </reporter-output>
        </test-method> <!-- launchApplication -->
        <test-method signature="testValidLogin()[pri:0, instance:test.LoginTest@27462a88]" started-at="2024-07-15T10:57:28 IST" name="testValidLogin" finished-at="2024-07-15T10:57:36 IST" duration-ms="7431" status="PASS">
          <reporter-output>
            <line>
              <![CDATA[Login is pass]]>
            </line>
          </reporter-output>
        </test-method> <!-- testValidLogin -->
        <test-method is-config="true" signature="takeScreenshot(org.testng.ITestResult)[pri:0, instance:test.LoginTest@27462a88]" started-at="2024-07-15T10:57:36 IST" name="takeScreenshot" finished-at="2024-07-15T10:57:36 IST" duration-ms="2" status="PASS">
          <params>
            <param index="0">
              <value>
                <![CDATA[[TestResult name=testValidLogin status=SUCCESS method=LoginTest.testValidLogin()[pri:0, instance:test.LoginTest@27462a88] output=Login is pass]]]>
              </value>
            </param>
          </params>
          <reporter-output>
            <line>
              <![CDATA[TestCase Name : testValidLogin]]>
            </line>
            <line>
              <![CDATA[TesCase Status[ 1-SUCCESS , 2-FAILURE , 3-SKIP ] : 1]]>
            </line>
            <line>
              <![CDATA[testValidLogin TestCase is passed , Screenshot is NOT taken]]>
            </line>
          </reporter-output>
        </test-method> <!-- takeScreenshot -->
        <test-method is-config="true" signature="closeBrowser()[pri:0, instance:test.LoginTest@27462a88]" started-at="2024-07-15T10:58:00 IST" name="closeBrowser" finished-at="2024-07-15T10:58:03 IST" duration-ms="2653" status="PASS">
          <reporter-output>
          </reporter-output>
        </test-method> <!-- closeBrowser -->
        <test-method is-config="true" signature="generateExtentReport()[pri:0, instance:test.LoginTest@27462a88]" started-at="2024-07-15T10:58:03 IST" name="generateExtentReport" finished-at="2024-07-15T10:58:03 IST" duration-ms="297" status="PASS">
          <reporter-output>
          </reporter-output>
        </test-method> <!-- generateExtentReport -->
      </class> <!-- test.LoginTest -->
      <class name="test.UploadResumeTest">
        <test-method signature="uploadResume()[pri:0, instance:test.UploadResumeTest@26e356f0]" started-at="2024-07-15T10:57:36 IST" name="uploadResume" finished-at="2024-07-15T10:57:49 IST" duration-ms="13888" status="PASS">
          <reporter-output>
          </reporter-output>
        </test-method> <!-- uploadResume -->
        <test-method is-config="true" signature="takeScreenshot(org.testng.ITestResult)[pri:0, instance:test.UploadResumeTest@26e356f0]" started-at="2024-07-15T10:57:49 IST" name="takeScreenshot" finished-at="2024-07-15T10:57:49 IST" duration-ms="0" status="PASS">
          <params>
            <param index="0">
              <value>
                <![CDATA[[TestResult name=uploadResume status=SUCCESS method=UploadResumeTest.uploadResume()[pri:0, instance:test.UploadResumeTest@26e356f0] output={null}]]]>
              </value>
            </param>
          </params>
          <reporter-output>
            <line>
              <![CDATA[TestCase Name : uploadResume]]>
            </line>
            <line>
              <![CDATA[TesCase Status[ 1-SUCCESS , 2-FAILURE , 3-SKIP ] : 1]]>
            </line>
            <line>
              <![CDATA[uploadResume TestCase is passed , Screenshot is NOT taken]]>
            </line>
          </reporter-output>
        </test-method> <!-- takeScreenshot -->
      </class> <!-- test.UploadResumeTest -->
    </test> <!-- Basic Smoke Testing -->
  </suite> <!-- Suite -->
</testng-results>
